<?xml version="1.0" encoding="UTF-8"?>
<!-- Generated by org.testng.reporters.JUnitXMLReporter -->
<testsuite ignored="0" hostname="LTIN273733" failures="0" tests="5" name="Default test" time="56.459" errors="0" timestamp="2024-02-27T16:49:12 IST">
  <testcase classname="testCases.Gift_Card" name="test_user_clicks_on_giftcard_option" time="0.352"/>
  <testcase classname="testCases.Gift_Card" name="test_user_selects_wedding_gift_card_and_selects_email_option" time="32.991"/>
  <testcase classname="testCases.Gift_Card" name="test_scrolll_to_that_field_and_enter_invalid_email" time="0.639"/>
  <testcase classname="testCases.Gift_Card" name="test_click_on_buy_now_and_capture_the_error_message" time="0.321"/>
  <testcase classname="testCases.Gift_Card" name="test_user_prints_the_error_message" time="0.004"/>
</testsuite> <!-- Default test -->
