<?xml version="1.0" encoding="UTF-8"?>
<!-- Generated by org.testng.reporters.JUnitXMLReporter -->
<testsuite ignored="4" hostname="LTIN273733" failures="0" tests="13" name="Test" time="226.22" errors="0" timestamp="2024-03-06T14:55:06 IST">
  <testcase classname="testCases.cabBooking" name="test_user_clicks_on_cab" time="12.914"/>
  <testcase classname="testCases.cabBooking" name="test_user_enters_from_and_to_locations" time="6.558"/>
  <testcase classname="testCases.cabBooking" name="user_enters_date_and_time_and_click_on_search" time="10.712"/>
  <testcase classname="testCases.cabBooking" name="user_selects_car_type_as_suv" time="0.72"/>
  <testcase classname="testCases.cabBooking" name="user_prints_the_lowest_car_price" time="0.162"/>
  <testcase classname="testCases.Gift_Card" name="test_user_clicks_on_more_tab_and_selects_giftcard_option" time="4.099"/>
  <testcase classname="testCases.Gift_Card" name="test_user_selects_wedding_gift_card_and_selects_email_option" time="2.693"/>
  <testcase classname="testCases.Gift_Card" name="test_scrolll_to_that_field_and_enter_invalid_email" time="0.986"/>
  <testcase classname="testCases.Gift_Card" name="test_click_on_buy_now_and_capture_the_error_message" time="0.855"/>
  <testcase classname="testCases.Gift_Card" name="test_user_prints_the_error_message" time="0.002"/>
  <testcase classname="testCases.Hotel_Section" name="test_user_clicks_on_hotels_tab" time="1.122"/>
  <testcase classname="testCases.Hotel_Section" name="test_user_clicks_on_guest_button_and_then_on_adults" time="2.14"/>
  <testcase classname="testCases.Hotel_Section" name="get_the_list_of_number_of_adults_and_print_it" time="14.551"/>
  <testcase classname="testBase.BaseClass_TNG" name="@AfterTest tearDown" time="0.0">
    <ignored/>
  </testcase> <!-- @AfterTest tearDown -->
  <testcase classname="testBase.BaseClass_TNG" name="@BeforeTest setup" time="0.0">
    <ignored/>
  </testcase> <!-- @BeforeTest setup -->
  <testcase classname="testBase.BaseClass_TNG" name="@AfterTest tearDown" time="0.0">
    <ignored/>
  </testcase> <!-- @AfterTest tearDown -->
  <testcase classname="testBase.BaseClass_TNG" name="@BeforeTest setup" time="0.0">
    <ignored/>
  </testcase> <!-- @BeforeTest setup -->
</testsuite> <!-- Test -->
