<?xml version="1.0" encoding="UTF-8"?>
<!-- Generated by org.testng.reporters.JUnitXMLReporter -->
<testsuite ignored="2" hostname="LTIN273733" failures="1" tests="1" name="Test(failed)" time="59.187" errors="0" timestamp="2024-02-29T16:23:20 IST">
  <testcase classname="testCases.Hotel_Section" name="get_the_list_of_number_of_adults_and_print_it" time="10.235">
    <failure type="java.lang.IndexOutOfBoundsException" message="Index 0 out of bounds for length 0">
      <![CDATA[java.lang.IndexOutOfBoundsException: Index 0 out of bounds for length 0
at java.base/jdk.internal.util.Preconditions.outOfBounds(Preconditions.java:64)
at java.base/jdk.internal.util.Preconditions.outOfBoundsCheckIndex(Preconditions.java:70)
at java.base/jdk.internal.util.Preconditions.checkIndex(Preconditions.java:266)
at java.base/java.util.Objects.checkIndex(Objects.java:359)
at java.base/java.util.ArrayList.get(ArrayList.java:427)
at org.openqa.selenium.support.pagefactory.internal.LocatingElementListHandler.invoke(LocatingElementListHandler.java:39)
at jdk.proxy2/jdk.proxy2.$Proxy50.get(Unknown Source)
at testCases.Hotel_Section.get_the_list_of_number_of_adults_and_print_it(Hotel_Section.java:43)
at java.base/java.util.ArrayList.forEach(ArrayList.java:1511)
... Removed 31 stack frames]]>
    </failure>
  </testcase> <!-- get_the_list_of_number_of_adults_and_print_it -->
  <testcase classname="testCases.Hotel_Section" name="test_user_clicks_on_hotels_tab" time="0.0">
    <ignored/>
  </testcase> <!-- test_user_clicks_on_hotels_tab -->
  <testcase classname="testCases.Hotel_Section" name="test_user_clicks_on_guest_button_and_then_on_adults" time="0.0">
    <ignored/>
  </testcase> <!-- test_user_clicks_on_guest_button_and_then_on_adults -->
</testsuite> <!-- Test(failed) -->
