<?xml version="1.0" encoding="UTF-8"?>
<testng-results ignored="0" total="26" passed="26" failed="0" skipped="0">
  <reporter-output>
  </reporter-output>
  <suite started-at="2024-03-06T14:51:18 IST" name="Suite" finished-at="2024-03-06T14:55:04 IST" duration-ms="226220">
    <groups>
      <group name="negative">
        <method signature="Gift_Card.test_scrolll_to_that_field_and_enter_invalid_email()[pri:7, instance:testCases.Gift_Card@5d5f10b2]" name="test_scrolll_to_that_field_and_enter_invalid_email" class="testCases.Gift_Card"/>
      </group> <!-- negative -->
      <group name="regression">
        <method signature="cabBooking.test_user_enters_from_and_to_locations()[pri:1, instance:testCases.cabBooking@2d6764b2]" name="test_user_enters_from_and_to_locations" class="testCases.cabBooking"/>
        <method signature="cabBooking.user_enters_date_and_time_and_click_on_search()[pri:2, instance:testCases.cabBooking@2d6764b2]" name="user_enters_date_and_time_and_click_on_search" class="testCases.cabBooking"/>
        <method signature="cabBooking.user_selects_car_type_as_suv()[pri:3, instance:testCases.cabBooking@2d6764b2]" name="user_selects_car_type_as_suv" class="testCases.cabBooking"/>
        <method signature="cabBooking.user_prints_the_lowest_car_price()[pri:4, instance:testCases.cabBooking@2d6764b2]" name="user_prints_the_lowest_car_price" class="testCases.cabBooking"/>
        <method signature="Gift_Card.test_user_clicks_on_more_tab_and_selects_giftcard_option()[pri:5, instance:testCases.Gift_Card@5d5f10b2]" name="test_user_clicks_on_more_tab_and_selects_giftcard_option" class="testCases.Gift_Card"/>
        <method signature="Gift_Card.test_scrolll_to_that_field_and_enter_invalid_email()[pri:7, instance:testCases.Gift_Card@5d5f10b2]" name="test_scrolll_to_that_field_and_enter_invalid_email" class="testCases.Gift_Card"/>
        <method signature="Gift_Card.test_click_on_buy_now_and_capture_the_error_message()[pri:8, instance:testCases.Gift_Card@5d5f10b2]" name="test_click_on_buy_now_and_capture_the_error_message" class="testCases.Gift_Card"/>
        <method signature="Gift_Card.test_user_prints_the_error_message()[pri:9, instance:testCases.Gift_Card@5d5f10b2]" name="test_user_prints_the_error_message" class="testCases.Gift_Card"/>
        <method signature="Hotel_Section.test_user_clicks_on_guest_button_and_then_on_adults()[pri:11, instance:testCases.Hotel_Section@74c79fa2]" name="test_user_clicks_on_guest_button_and_then_on_adults" class="testCases.Hotel_Section"/>
        <method signature="Hotel_Section.get_the_list_of_number_of_adults_and_print_it()[pri:12, instance:testCases.Hotel_Section@74c79fa2]" name="get_the_list_of_number_of_adults_and_print_it" class="testCases.Hotel_Section"/>
      </group> <!-- regression -->
      <group name="smoke">
        <method signature="cabBooking.test_user_clicks_on_cab()[pri:0, instance:testCases.cabBooking@2d6764b2]" name="test_user_clicks_on_cab" class="testCases.cabBooking"/>
        <method signature="Gift_Card.test_user_selects_wedding_gift_card_and_selects_email_option()[pri:6, instance:testCases.Gift_Card@5d5f10b2]" name="test_user_selects_wedding_gift_card_and_selects_email_option" class="testCases.Gift_Card"/>
        <method signature="Hotel_Section.test_user_clicks_on_hotels_tab()[pri:10, instance:testCases.Hotel_Section@74c79fa2]" name="test_user_clicks_on_hotels_tab" class="testCases.Hotel_Section"/>
      </group> <!-- smoke -->
      <group name="master">
        <method signature="cabBooking.test_user_clicks_on_cab()[pri:0, instance:testCases.cabBooking@2d6764b2]" name="test_user_clicks_on_cab" class="testCases.cabBooking"/>
        <method signature="cabBooking.test_user_enters_from_and_to_locations()[pri:1, instance:testCases.cabBooking@2d6764b2]" name="test_user_enters_from_and_to_locations" class="testCases.cabBooking"/>
        <method signature="cabBooking.user_enters_date_and_time_and_click_on_search()[pri:2, instance:testCases.cabBooking@2d6764b2]" name="user_enters_date_and_time_and_click_on_search" class="testCases.cabBooking"/>
        <method signature="cabBooking.user_selects_car_type_as_suv()[pri:3, instance:testCases.cabBooking@2d6764b2]" name="user_selects_car_type_as_suv" class="testCases.cabBooking"/>
        <method signature="cabBooking.user_prints_the_lowest_car_price()[pri:4, instance:testCases.cabBooking@2d6764b2]" name="user_prints_the_lowest_car_price" class="testCases.cabBooking"/>
        <method signature="Gift_Card.test_user_clicks_on_more_tab_and_selects_giftcard_option()[pri:5, instance:testCases.Gift_Card@5d5f10b2]" name="test_user_clicks_on_more_tab_and_selects_giftcard_option" class="testCases.Gift_Card"/>
        <method signature="Gift_Card.test_user_selects_wedding_gift_card_and_selects_email_option()[pri:6, instance:testCases.Gift_Card@5d5f10b2]" name="test_user_selects_wedding_gift_card_and_selects_email_option" class="testCases.Gift_Card"/>
        <method signature="Gift_Card.test_scrolll_to_that_field_and_enter_invalid_email()[pri:7, instance:testCases.Gift_Card@5d5f10b2]" name="test_scrolll_to_that_field_and_enter_invalid_email" class="testCases.Gift_Card"/>
        <method signature="Gift_Card.test_click_on_buy_now_and_capture_the_error_message()[pri:8, instance:testCases.Gift_Card@5d5f10b2]" name="test_click_on_buy_now_and_capture_the_error_message" class="testCases.Gift_Card"/>
        <method signature="Gift_Card.test_user_prints_the_error_message()[pri:9, instance:testCases.Gift_Card@5d5f10b2]" name="test_user_prints_the_error_message" class="testCases.Gift_Card"/>
        <method signature="Hotel_Section.test_user_clicks_on_hotels_tab()[pri:10, instance:testCases.Hotel_Section@74c79fa2]" name="test_user_clicks_on_hotels_tab" class="testCases.Hotel_Section"/>
        <method signature="Hotel_Section.test_user_clicks_on_guest_button_and_then_on_adults()[pri:11, instance:testCases.Hotel_Section@74c79fa2]" name="test_user_clicks_on_guest_button_and_then_on_adults" class="testCases.Hotel_Section"/>
        <method signature="Hotel_Section.get_the_list_of_number_of_adults_and_print_it()[pri:12, instance:testCases.Hotel_Section@74c79fa2]" name="get_the_list_of_number_of_adults_and_print_it" class="testCases.Hotel_Section"/>
      </group> <!-- master -->
    </groups>
    <test started-at="2024-03-06T14:51:18 IST" name="Test" finished-at="2024-03-06T14:55:04 IST" duration-ms="226220">
      <class name="testCases.Hotel_Section">
        <test-method signature="test_user_clicks_on_hotels_tab()[pri:10, instance:testCases.Hotel_Section@74c79fa2]" started-at="2024-03-06T14:54:44 IST" name="test_user_clicks_on_hotels_tab" finished-at="2024-03-06T14:54:45 IST" duration-ms="1122" status="PASS">
          <reporter-output>
          </reporter-output>
        </test-method> <!-- test_user_clicks_on_hotels_tab -->
        <test-method signature="test_user_clicks_on_guest_button_and_then_on_adults()[pri:11, instance:testCases.Hotel_Section@74c79fa2]" started-at="2024-03-06T14:54:45 IST" name="test_user_clicks_on_guest_button_and_then_on_adults" finished-at="2024-03-06T14:54:47 IST" duration-ms="2140" status="PASS">
          <reporter-output>
          </reporter-output>
        </test-method> <!-- test_user_clicks_on_guest_button_and_then_on_adults -->
        <test-method signature="get_the_list_of_number_of_adults_and_print_it()[pri:12, instance:testCases.Hotel_Section@74c79fa2]" started-at="2024-03-06T14:54:47 IST" name="get_the_list_of_number_of_adults_and_print_it" finished-at="2024-03-06T14:55:02 IST" duration-ms="14551" status="PASS">
          <reporter-output>
          </reporter-output>
        </test-method> <!-- get_the_list_of_number_of_adults_and_print_it -->
      </class> <!-- testCases.Hotel_Section -->
      <class name="testCases.cabBooking">
        <test-method is-config="true" signature="setup(java.lang.String,java.lang.String)[pri:0, instance:testCases.cabBooking@2d6764b2]" started-at="2024-03-06T14:51:20 IST" name="setup" finished-at="2024-03-06T14:54:03 IST" duration-ms="163363" status="PASS">
          <params>
            <param index="0">
              <value>
                <![CDATA[windows]]>
              </value>
            </param>
            <param index="1">
              <value>
                <![CDATA[chrome]]>
              </value>
            </param>
          </params>
          <reporter-output>
          </reporter-output>
        </test-method> <!-- setup -->
        <test-method signature="test_user_clicks_on_cab()[pri:0, instance:testCases.cabBooking@2d6764b2]" started-at="2024-03-06T14:54:04 IST" name="test_user_clicks_on_cab" finished-at="2024-03-06T14:54:17 IST" duration-ms="12914" status="PASS">
          <reporter-output>
          </reporter-output>
        </test-method> <!-- test_user_clicks_on_cab -->
        <test-method signature="test_user_enters_from_and_to_locations()[pri:1, instance:testCases.cabBooking@2d6764b2]" started-at="2024-03-06T14:54:17 IST" name="test_user_enters_from_and_to_locations" finished-at="2024-03-06T14:54:24 IST" duration-ms="6558" status="PASS">
          <reporter-output>
          </reporter-output>
        </test-method> <!-- test_user_enters_from_and_to_locations -->
        <test-method signature="user_enters_date_and_time_and_click_on_search()[pri:2, instance:testCases.cabBooking@2d6764b2]" started-at="2024-03-06T14:54:24 IST" name="user_enters_date_and_time_and_click_on_search" finished-at="2024-03-06T14:54:34 IST" duration-ms="10712" status="PASS">
          <reporter-output>
          </reporter-output>
        </test-method> <!-- user_enters_date_and_time_and_click_on_search -->
        <test-method signature="user_selects_car_type_as_suv()[pri:3, instance:testCases.cabBooking@2d6764b2]" started-at="2024-03-06T14:54:34 IST" name="user_selects_car_type_as_suv" finished-at="2024-03-06T14:54:35 IST" duration-ms="720" status="PASS">
          <reporter-output>
          </reporter-output>
        </test-method> <!-- user_selects_car_type_as_suv -->
        <test-method signature="user_prints_the_lowest_car_price()[pri:4, instance:testCases.cabBooking@2d6764b2]" started-at="2024-03-06T14:54:35 IST" name="user_prints_the_lowest_car_price" finished-at="2024-03-06T14:54:35 IST" duration-ms="162" status="PASS">
          <reporter-output>
          </reporter-output>
        </test-method> <!-- user_prints_the_lowest_car_price -->
        <test-method is-config="true" signature="tearDown()[pri:0, instance:testCases.cabBooking@2d6764b2]" started-at="2024-03-06T14:55:02 IST" name="tearDown" finished-at="2024-03-06T14:55:04 IST" duration-ms="2400" status="PASS">
          <reporter-output>
          </reporter-output>
        </test-method> <!-- tearDown -->
      </class> <!-- testCases.cabBooking -->
      <class name="testCases.Gift_Card">
        <test-method signature="test_user_clicks_on_more_tab_and_selects_giftcard_option()[pri:5, instance:testCases.Gift_Card@5d5f10b2]" started-at="2024-03-06T14:54:35 IST" name="test_user_clicks_on_more_tab_and_selects_giftcard_option" finished-at="2024-03-06T14:54:39 IST" duration-ms="4099" status="PASS">
          <reporter-output>
          </reporter-output>
        </test-method> <!-- test_user_clicks_on_more_tab_and_selects_giftcard_option -->
        <test-method signature="test_user_selects_wedding_gift_card_and_selects_email_option()[pri:6, instance:testCases.Gift_Card@5d5f10b2]" started-at="2024-03-06T14:54:39 IST" name="test_user_selects_wedding_gift_card_and_selects_email_option" finished-at="2024-03-06T14:54:42 IST" duration-ms="2693" status="PASS">
          <reporter-output>
          </reporter-output>
        </test-method> <!-- test_user_selects_wedding_gift_card_and_selects_email_option -->
        <test-method signature="test_scrolll_to_that_field_and_enter_invalid_email()[pri:7, instance:testCases.Gift_Card@5d5f10b2]" started-at="2024-03-06T14:54:42 IST" name="test_scrolll_to_that_field_and_enter_invalid_email" finished-at="2024-03-06T14:54:43 IST" duration-ms="986" status="PASS">
          <reporter-output>
          </reporter-output>
        </test-method> <!-- test_scrolll_to_that_field_and_enter_invalid_email -->
        <test-method signature="test_click_on_buy_now_and_capture_the_error_message()[pri:8, instance:testCases.Gift_Card@5d5f10b2]" started-at="2024-03-06T14:54:43 IST" name="test_click_on_buy_now_and_capture_the_error_message" finished-at="2024-03-06T14:54:44 IST" duration-ms="855" status="PASS">
          <reporter-output>
          </reporter-output>
        </test-method> <!-- test_click_on_buy_now_and_capture_the_error_message -->
        <test-method signature="test_user_prints_the_error_message()[pri:9, instance:testCases.Gift_Card@5d5f10b2]" started-at="2024-03-06T14:54:44 IST" name="test_user_prints_the_error_message" finished-at="2024-03-06T14:54:44 IST" duration-ms="2" status="PASS">
          <reporter-output>
          </reporter-output>
        </test-method> <!-- test_user_prints_the_error_message -->
      </class> <!-- testCases.Gift_Card -->
    </test> <!-- Test -->
  </suite> <!-- Suite -->
  <suite started-at="2024-03-06T14:55:06 IST" name="Suite (0)" finished-at="2024-03-06T14:59:28 IST" duration-ms="262676">
    <groups>
      <group name="negative">
        <method signature="Gift_Card.test_scrolll_to_that_field_and_enter_invalid_email()[pri:7, instance:testCases.Gift_Card@663411de]" name="test_scrolll_to_that_field_and_enter_invalid_email" class="testCases.Gift_Card"/>
      </group> <!-- negative -->
      <group name="regression">
        <method signature="cabBooking.test_user_enters_from_and_to_locations()[pri:1, instance:testCases.cabBooking@1477089c]" name="test_user_enters_from_and_to_locations" class="testCases.cabBooking"/>
        <method signature="cabBooking.user_enters_date_and_time_and_click_on_search()[pri:2, instance:testCases.cabBooking@1477089c]" name="user_enters_date_and_time_and_click_on_search" class="testCases.cabBooking"/>
        <method signature="cabBooking.user_selects_car_type_as_suv()[pri:3, instance:testCases.cabBooking@1477089c]" name="user_selects_car_type_as_suv" class="testCases.cabBooking"/>
        <method signature="cabBooking.user_prints_the_lowest_car_price()[pri:4, instance:testCases.cabBooking@1477089c]" name="user_prints_the_lowest_car_price" class="testCases.cabBooking"/>
        <method signature="Gift_Card.test_user_clicks_on_more_tab_and_selects_giftcard_option()[pri:5, instance:testCases.Gift_Card@663411de]" name="test_user_clicks_on_more_tab_and_selects_giftcard_option" class="testCases.Gift_Card"/>
        <method signature="Gift_Card.test_scrolll_to_that_field_and_enter_invalid_email()[pri:7, instance:testCases.Gift_Card@663411de]" name="test_scrolll_to_that_field_and_enter_invalid_email" class="testCases.Gift_Card"/>
        <method signature="Gift_Card.test_click_on_buy_now_and_capture_the_error_message()[pri:8, instance:testCases.Gift_Card@663411de]" name="test_click_on_buy_now_and_capture_the_error_message" class="testCases.Gift_Card"/>
        <method signature="Gift_Card.test_user_prints_the_error_message()[pri:9, instance:testCases.Gift_Card@663411de]" name="test_user_prints_the_error_message" class="testCases.Gift_Card"/>
        <method signature="Hotel_Section.test_user_clicks_on_guest_button_and_then_on_adults()[pri:11, instance:testCases.Hotel_Section@63dd899]" name="test_user_clicks_on_guest_button_and_then_on_adults" class="testCases.Hotel_Section"/>
        <method signature="Hotel_Section.get_the_list_of_number_of_adults_and_print_it()[pri:12, instance:testCases.Hotel_Section@63dd899]" name="get_the_list_of_number_of_adults_and_print_it" class="testCases.Hotel_Section"/>
      </group> <!-- regression -->
      <group name="smoke">
        <method signature="cabBooking.test_user_clicks_on_cab()[pri:0, instance:testCases.cabBooking@1477089c]" name="test_user_clicks_on_cab" class="testCases.cabBooking"/>
        <method signature="Gift_Card.test_user_selects_wedding_gift_card_and_selects_email_option()[pri:6, instance:testCases.Gift_Card@663411de]" name="test_user_selects_wedding_gift_card_and_selects_email_option" class="testCases.Gift_Card"/>
        <method signature="Hotel_Section.test_user_clicks_on_hotels_tab()[pri:10, instance:testCases.Hotel_Section@63dd899]" name="test_user_clicks_on_hotels_tab" class="testCases.Hotel_Section"/>
      </group> <!-- smoke -->
      <group name="master">
        <method signature="cabBooking.test_user_clicks_on_cab()[pri:0, instance:testCases.cabBooking@1477089c]" name="test_user_clicks_on_cab" class="testCases.cabBooking"/>
        <method signature="cabBooking.test_user_enters_from_and_to_locations()[pri:1, instance:testCases.cabBooking@1477089c]" name="test_user_enters_from_and_to_locations" class="testCases.cabBooking"/>
        <method signature="cabBooking.user_enters_date_and_time_and_click_on_search()[pri:2, instance:testCases.cabBooking@1477089c]" name="user_enters_date_and_time_and_click_on_search" class="testCases.cabBooking"/>
        <method signature="cabBooking.user_selects_car_type_as_suv()[pri:3, instance:testCases.cabBooking@1477089c]" name="user_selects_car_type_as_suv" class="testCases.cabBooking"/>
        <method signature="cabBooking.user_prints_the_lowest_car_price()[pri:4, instance:testCases.cabBooking@1477089c]" name="user_prints_the_lowest_car_price" class="testCases.cabBooking"/>
        <method signature="Gift_Card.test_user_clicks_on_more_tab_and_selects_giftcard_option()[pri:5, instance:testCases.Gift_Card@663411de]" name="test_user_clicks_on_more_tab_and_selects_giftcard_option" class="testCases.Gift_Card"/>
        <method signature="Gift_Card.test_user_selects_wedding_gift_card_and_selects_email_option()[pri:6, instance:testCases.Gift_Card@663411de]" name="test_user_selects_wedding_gift_card_and_selects_email_option" class="testCases.Gift_Card"/>
        <method signature="Gift_Card.test_scrolll_to_that_field_and_enter_invalid_email()[pri:7, instance:testCases.Gift_Card@663411de]" name="test_scrolll_to_that_field_and_enter_invalid_email" class="testCases.Gift_Card"/>
        <method signature="Gift_Card.test_click_on_buy_now_and_capture_the_error_message()[pri:8, instance:testCases.Gift_Card@663411de]" name="test_click_on_buy_now_and_capture_the_error_message" class="testCases.Gift_Card"/>
        <method signature="Gift_Card.test_user_prints_the_error_message()[pri:9, instance:testCases.Gift_Card@663411de]" name="test_user_prints_the_error_message" class="testCases.Gift_Card"/>
        <method signature="Hotel_Section.test_user_clicks_on_hotels_tab()[pri:10, instance:testCases.Hotel_Section@63dd899]" name="test_user_clicks_on_hotels_tab" class="testCases.Hotel_Section"/>
        <method signature="Hotel_Section.test_user_clicks_on_guest_button_and_then_on_adults()[pri:11, instance:testCases.Hotel_Section@63dd899]" name="test_user_clicks_on_guest_button_and_then_on_adults" class="testCases.Hotel_Section"/>
        <method signature="Hotel_Section.get_the_list_of_number_of_adults_and_print_it()[pri:12, instance:testCases.Hotel_Section@63dd899]" name="get_the_list_of_number_of_adults_and_print_it" class="testCases.Hotel_Section"/>
      </group> <!-- master -->
    </groups>
    <test started-at="2024-03-06T14:55:06 IST" name="Test" finished-at="2024-03-06T14:59:28 IST" duration-ms="262676">
      <class name="testCases.Hotel_Section">
        <test-method signature="test_user_clicks_on_hotels_tab()[pri:10, instance:testCases.Hotel_Section@63dd899]" started-at="2024-03-06T14:58:48 IST" name="test_user_clicks_on_hotels_tab" finished-at="2024-03-06T14:58:54 IST" duration-ms="6452" status="PASS">
          <reporter-output>
          </reporter-output>
        </test-method> <!-- test_user_clicks_on_hotels_tab -->
        <test-method signature="test_user_clicks_on_guest_button_and_then_on_adults()[pri:11, instance:testCases.Hotel_Section@63dd899]" started-at="2024-03-06T14:58:54 IST" name="test_user_clicks_on_guest_button_and_then_on_adults" finished-at="2024-03-06T14:59:00 IST" duration-ms="5971" status="PASS">
          <reporter-output>
          </reporter-output>
        </test-method> <!-- test_user_clicks_on_guest_button_and_then_on_adults -->
        <test-method signature="get_the_list_of_number_of_adults_and_print_it()[pri:12, instance:testCases.Hotel_Section@63dd899]" started-at="2024-03-06T14:59:00 IST" name="get_the_list_of_number_of_adults_and_print_it" finished-at="2024-03-06T14:59:25 IST" duration-ms="24426" status="PASS">
          <reporter-output>
          </reporter-output>
        </test-method> <!-- get_the_list_of_number_of_adults_and_print_it -->
      </class> <!-- testCases.Hotel_Section -->
      <class name="testCases.cabBooking">
        <test-method is-config="true" signature="setup(java.lang.String,java.lang.String)[pri:0, instance:testCases.cabBooking@1477089c]" started-at="2024-03-06T14:55:06 IST" name="setup" finished-at="2024-03-06T14:57:33 IST" duration-ms="146876" status="PASS">
          <params>
            <param index="0">
              <value>
                <![CDATA[windows]]>
              </value>
            </param>
            <param index="1">
              <value>
                <![CDATA[chrome]]>
              </value>
            </param>
          </params>
          <reporter-output>
          </reporter-output>
        </test-method> <!-- setup -->
        <test-method signature="test_user_clicks_on_cab()[pri:0, instance:testCases.cabBooking@1477089c]" started-at="2024-03-06T14:57:33 IST" name="test_user_clicks_on_cab" finished-at="2024-03-06T14:57:53 IST" duration-ms="20670" status="PASS">
          <reporter-output>
          </reporter-output>
        </test-method> <!-- test_user_clicks_on_cab -->
        <test-method signature="test_user_enters_from_and_to_locations()[pri:1, instance:testCases.cabBooking@1477089c]" started-at="2024-03-06T14:57:53 IST" name="test_user_enters_from_and_to_locations" finished-at="2024-03-06T14:58:01 IST" duration-ms="7859" status="PASS">
          <reporter-output>
          </reporter-output>
        </test-method> <!-- test_user_enters_from_and_to_locations -->
        <test-method signature="user_enters_date_and_time_and_click_on_search()[pri:2, instance:testCases.cabBooking@1477089c]" started-at="2024-03-06T14:58:01 IST" name="user_enters_date_and_time_and_click_on_search" finished-at="2024-03-06T14:58:17 IST" duration-ms="15614" status="PASS">
          <reporter-output>
          </reporter-output>
        </test-method> <!-- user_enters_date_and_time_and_click_on_search -->
        <test-method signature="user_selects_car_type_as_suv()[pri:3, instance:testCases.cabBooking@1477089c]" started-at="2024-03-06T14:58:17 IST" name="user_selects_car_type_as_suv" finished-at="2024-03-06T14:58:22 IST" duration-ms="5247" status="PASS">
          <reporter-output>
          </reporter-output>
        </test-method> <!-- user_selects_car_type_as_suv -->
        <test-method signature="user_prints_the_lowest_car_price()[pri:4, instance:testCases.cabBooking@1477089c]" started-at="2024-03-06T14:58:22 IST" name="user_prints_the_lowest_car_price" finished-at="2024-03-06T14:58:22 IST" duration-ms="138" status="PASS">
          <reporter-output>
          </reporter-output>
        </test-method> <!-- user_prints_the_lowest_car_price -->
        <test-method is-config="true" signature="tearDown()[pri:0, instance:testCases.cabBooking@1477089c]" started-at="2024-03-06T14:59:25 IST" name="tearDown" finished-at="2024-03-06T14:59:28 IST" duration-ms="3715" status="PASS">
          <reporter-output>
          </reporter-output>
        </test-method> <!-- tearDown -->
      </class> <!-- testCases.cabBooking -->
      <class name="testCases.Gift_Card">
        <test-method signature="test_user_clicks_on_more_tab_and_selects_giftcard_option()[pri:5, instance:testCases.Gift_Card@663411de]" started-at="2024-03-06T14:58:22 IST" name="test_user_clicks_on_more_tab_and_selects_giftcard_option" finished-at="2024-03-06T14:58:36 IST" duration-ms="13388" status="PASS">
          <reporter-output>
          </reporter-output>
        </test-method> <!-- test_user_clicks_on_more_tab_and_selects_giftcard_option -->
        <test-method signature="test_user_selects_wedding_gift_card_and_selects_email_option()[pri:6, instance:testCases.Gift_Card@663411de]" started-at="2024-03-06T14:58:36 IST" name="test_user_selects_wedding_gift_card_and_selects_email_option" finished-at="2024-03-06T14:58:43 IST" duration-ms="7257" status="PASS">
          <reporter-output>
          </reporter-output>
        </test-method> <!-- test_user_selects_wedding_gift_card_and_selects_email_option -->
        <test-method signature="test_scrolll_to_that_field_and_enter_invalid_email()[pri:7, instance:testCases.Gift_Card@663411de]" started-at="2024-03-06T14:58:43 IST" name="test_scrolll_to_that_field_and_enter_invalid_email" finished-at="2024-03-06T14:58:46 IST" duration-ms="3068" status="PASS">
          <reporter-output>
          </reporter-output>
        </test-method> <!-- test_scrolll_to_that_field_and_enter_invalid_email -->
        <test-method signature="test_click_on_buy_now_and_capture_the_error_message()[pri:8, instance:testCases.Gift_Card@663411de]" started-at="2024-03-06T14:58:46 IST" name="test_click_on_buy_now_and_capture_the_error_message" finished-at="2024-03-06T14:58:48 IST" duration-ms="1933" status="PASS">
          <reporter-output>
          </reporter-output>
        </test-method> <!-- test_click_on_buy_now_and_capture_the_error_message -->
        <test-method signature="test_user_prints_the_error_message()[pri:9, instance:testCases.Gift_Card@663411de]" started-at="2024-03-06T14:58:48 IST" name="test_user_prints_the_error_message" finished-at="2024-03-06T14:58:48 IST" duration-ms="1" status="PASS">
          <reporter-output>
          </reporter-output>
        </test-method> <!-- test_user_prints_the_error_message -->
      </class> <!-- testCases.Gift_Card -->
    </test> <!-- Test -->
  </suite> <!-- Suite (0) -->
</testng-results>
