<?xml version="1.0" encoding="UTF-8"?>
<!-- Generated by org.testng.reporters.JUnitXMLReporter -->
<testsuite ignored="4" hostname="LTIN273733" failures="0" tests="13" name="Test" time="262.676" errors="0" timestamp="2024-03-06T14:59:29 IST">
  <testcase classname="testCases.cabBooking" name="test_user_clicks_on_cab" time="20.67"/>
  <testcase classname="testCases.cabBooking" name="test_user_enters_from_and_to_locations" time="7.859"/>
  <testcase classname="testCases.cabBooking" name="user_enters_date_and_time_and_click_on_search" time="15.614"/>
  <testcase classname="testCases.cabBooking" name="user_selects_car_type_as_suv" time="5.247"/>
  <testcase classname="testCases.cabBooking" name="user_prints_the_lowest_car_price" time="0.138"/>
  <testcase classname="testCases.Gift_Card" name="test_user_clicks_on_more_tab_and_selects_giftcard_option" time="13.388"/>
  <testcase classname="testCases.Gift_Card" name="test_user_selects_wedding_gift_card_and_selects_email_option" time="7.257"/>
  <testcase classname="testCases.Gift_Card" name="test_scrolll_to_that_field_and_enter_invalid_email" time="3.068"/>
  <testcase classname="testCases.Gift_Card" name="test_click_on_buy_now_and_capture_the_error_message" time="1.933"/>
  <testcase classname="testCases.Gift_Card" name="test_user_prints_the_error_message" time="0.001"/>
  <testcase classname="testCases.Hotel_Section" name="test_user_clicks_on_hotels_tab" time="6.452"/>
  <testcase classname="testCases.Hotel_Section" name="test_user_clicks_on_guest_button_and_then_on_adults" time="5.971"/>
  <testcase classname="testCases.Hotel_Section" name="get_the_list_of_number_of_adults_and_print_it" time="24.426"/>
  <testcase classname="testBase.BaseClass_TNG" name="@AfterTest tearDown" time="0.0">
    <ignored/>
  </testcase> <!-- @AfterTest tearDown -->
  <testcase classname="testBase.BaseClass_TNG" name="@BeforeTest setup" time="0.0">
    <ignored/>
  </testcase> <!-- @BeforeTest setup -->
  <testcase classname="testBase.BaseClass_TNG" name="@BeforeTest setup" time="0.0">
    <ignored/>
  </testcase> <!-- @BeforeTest setup -->
  <testcase classname="testBase.BaseClass_TNG" name="@AfterTest tearDown" time="0.0">
    <ignored/>
  </testcase> <!-- @AfterTest tearDown -->
</testsuite> <!-- Test -->
