<?xml version="1.0" encoding="UTF-8"?>
<testng-results ignored="0" total="13" passed="13" failed="0" skipped="0">
  <reporter-output>
    <line>
      <![CDATA[Pop Up Displayed and closed successfully.]]>
    </line>
    <line>
      <![CDATA[The Lowest Price of vehicle is : ₹ 10,012]]>
    </line>
    <line>
      <![CDATA[The Error message is : Please enter a valid Email id.]]>
    </line>
    <line>
      <![CDATA[01]]>
    </line>
    <line>
      <![CDATA[02]]>
    </line>
    <line>
      <![CDATA[03]]>
    </line>
    <line>
      <![CDATA[04]]>
    </line>
    <line>
      <![CDATA[05]]>
    </line>
    <line>
      <![CDATA[06]]>
    </line>
    <line>
      <![CDATA[07]]>
    </line>
    <line>
      <![CDATA[08]]>
    </line>
    <line>
      <![CDATA[09]]>
    </line>
    <line>
      <![CDATA[10]]>
    </line>
    <line>
      <![CDATA[11]]>
    </line>
    <line>
      <![CDATA[12]]>
    </line>
    <line>
      <![CDATA[13]]>
    </line>
    <line>
      <![CDATA[14]]>
    </line>
    <line>
      <![CDATA[15]]>
    </line>
    <line>
      <![CDATA[16]]>
    </line>
    <line>
      <![CDATA[17]]>
    </line>
    <line>
      <![CDATA[18]]>
    </line>
    <line>
      <![CDATA[19]]>
    </line>
    <line>
      <![CDATA[20]]>
    </line>
    <line>
      <![CDATA[21]]>
    </line>
    <line>
      <![CDATA[22]]>
    </line>
    <line>
      <![CDATA[23]]>
    </line>
    <line>
      <![CDATA[24]]>
    </line>
    <line>
      <![CDATA[25]]>
    </line>
    <line>
      <![CDATA[26]]>
    </line>
    <line>
      <![CDATA[27]]>
    </line>
    <line>
      <![CDATA[28]]>
    </line>
    <line>
      <![CDATA[29]]>
    </line>
    <line>
      <![CDATA[30]]>
    </line>
    <line>
      <![CDATA[31]]>
    </line>
    <line>
      <![CDATA[32]]>
    </line>
    <line>
      <![CDATA[33]]>
    </line>
    <line>
      <![CDATA[34]]>
    </line>
    <line>
      <![CDATA[35]]>
    </line>
    <line>
      <![CDATA[36]]>
    </line>
    <line>
      <![CDATA[37]]>
    </line>
    <line>
      <![CDATA[38]]>
    </line>
    <line>
      <![CDATA[39]]>
    </line>
    <line>
      <![CDATA[40]]>
    </line>
  </reporter-output>
  <suite started-at="2024-03-10T16:40:30 IST" name="Suite" finished-at="2024-03-10T16:41:42 IST" duration-ms="71879">
    <groups>
      <group name="negative">
        <method signature="Gift_Card.test_scrolll_to_that_field_and_enter_invalid_email()[pri:7, instance:testCases.Gift_Card@4b45dcb8]" name="test_scrolll_to_that_field_and_enter_invalid_email" class="testCases.Gift_Card"/>
      </group> <!-- negative -->
      <group name="regression">
        <method signature="cabBooking.test_user_enters_from_and_to_locations()[pri:1, instance:testCases.cabBooking@fc258b1]" name="test_user_enters_from_and_to_locations" class="testCases.cabBooking"/>
        <method signature="cabBooking.user_enters_date_and_time_and_click_on_search()[pri:2, instance:testCases.cabBooking@fc258b1]" name="user_enters_date_and_time_and_click_on_search" class="testCases.cabBooking"/>
        <method signature="cabBooking.user_selects_car_type_as_suv()[pri:3, instance:testCases.cabBooking@fc258b1]" name="user_selects_car_type_as_suv" class="testCases.cabBooking"/>
        <method signature="cabBooking.user_prints_the_lowest_car_price()[pri:4, instance:testCases.cabBooking@fc258b1]" name="user_prints_the_lowest_car_price" class="testCases.cabBooking"/>
        <method signature="Gift_Card.test_user_clicks_on_more_tab_and_selects_giftcard_option()[pri:5, instance:testCases.Gift_Card@4b45dcb8]" name="test_user_clicks_on_more_tab_and_selects_giftcard_option" class="testCases.Gift_Card"/>
        <method signature="Gift_Card.test_click_on_buy_now_and_capture_the_error_message()[pri:8, instance:testCases.Gift_Card@4b45dcb8]" name="test_click_on_buy_now_and_capture_the_error_message" class="testCases.Gift_Card"/>
        <method signature="Gift_Card.test_user_prints_the_error_message()[pri:9, instance:testCases.Gift_Card@4b45dcb8]" name="test_user_prints_the_error_message" class="testCases.Gift_Card"/>
        <method signature="Hotel_Section.test_user_clicks_on_guest_button_and_then_on_adults()[pri:11, instance:testCases.Hotel_Section@7216fb24]" name="test_user_clicks_on_guest_button_and_then_on_adults" class="testCases.Hotel_Section"/>
        <method signature="Hotel_Section.get_the_list_of_number_of_adults_and_print_it()[pri:12, instance:testCases.Hotel_Section@7216fb24]" name="get_the_list_of_number_of_adults_and_print_it" class="testCases.Hotel_Section"/>
      </group> <!-- regression -->
      <group name="smoke">
        <method signature="cabBooking.test_user_clicks_on_cab()[pri:0, instance:testCases.cabBooking@fc258b1]" name="test_user_clicks_on_cab" class="testCases.cabBooking"/>
        <method signature="Gift_Card.test_user_selects_wedding_gift_card_and_selects_email_option()[pri:6, instance:testCases.Gift_Card@4b45dcb8]" name="test_user_selects_wedding_gift_card_and_selects_email_option" class="testCases.Gift_Card"/>
        <method signature="Hotel_Section.test_user_clicks_on_hotels_tab()[pri:10, instance:testCases.Hotel_Section@7216fb24]" name="test_user_clicks_on_hotels_tab" class="testCases.Hotel_Section"/>
      </group> <!-- smoke -->
      <group name="master">
        <method signature="cabBooking.test_user_clicks_on_cab()[pri:0, instance:testCases.cabBooking@fc258b1]" name="test_user_clicks_on_cab" class="testCases.cabBooking"/>
        <method signature="cabBooking.test_user_enters_from_and_to_locations()[pri:1, instance:testCases.cabBooking@fc258b1]" name="test_user_enters_from_and_to_locations" class="testCases.cabBooking"/>
        <method signature="cabBooking.user_enters_date_and_time_and_click_on_search()[pri:2, instance:testCases.cabBooking@fc258b1]" name="user_enters_date_and_time_and_click_on_search" class="testCases.cabBooking"/>
        <method signature="cabBooking.user_selects_car_type_as_suv()[pri:3, instance:testCases.cabBooking@fc258b1]" name="user_selects_car_type_as_suv" class="testCases.cabBooking"/>
        <method signature="cabBooking.user_prints_the_lowest_car_price()[pri:4, instance:testCases.cabBooking@fc258b1]" name="user_prints_the_lowest_car_price" class="testCases.cabBooking"/>
        <method signature="Gift_Card.test_user_clicks_on_more_tab_and_selects_giftcard_option()[pri:5, instance:testCases.Gift_Card@4b45dcb8]" name="test_user_clicks_on_more_tab_and_selects_giftcard_option" class="testCases.Gift_Card"/>
        <method signature="Gift_Card.test_user_selects_wedding_gift_card_and_selects_email_option()[pri:6, instance:testCases.Gift_Card@4b45dcb8]" name="test_user_selects_wedding_gift_card_and_selects_email_option" class="testCases.Gift_Card"/>
        <method signature="Gift_Card.test_scrolll_to_that_field_and_enter_invalid_email()[pri:7, instance:testCases.Gift_Card@4b45dcb8]" name="test_scrolll_to_that_field_and_enter_invalid_email" class="testCases.Gift_Card"/>
        <method signature="Gift_Card.test_click_on_buy_now_and_capture_the_error_message()[pri:8, instance:testCases.Gift_Card@4b45dcb8]" name="test_click_on_buy_now_and_capture_the_error_message" class="testCases.Gift_Card"/>
        <method signature="Gift_Card.test_user_prints_the_error_message()[pri:9, instance:testCases.Gift_Card@4b45dcb8]" name="test_user_prints_the_error_message" class="testCases.Gift_Card"/>
        <method signature="Hotel_Section.test_user_clicks_on_hotels_tab()[pri:10, instance:testCases.Hotel_Section@7216fb24]" name="test_user_clicks_on_hotels_tab" class="testCases.Hotel_Section"/>
        <method signature="Hotel_Section.test_user_clicks_on_guest_button_and_then_on_adults()[pri:11, instance:testCases.Hotel_Section@7216fb24]" name="test_user_clicks_on_guest_button_and_then_on_adults" class="testCases.Hotel_Section"/>
        <method signature="Hotel_Section.get_the_list_of_number_of_adults_and_print_it()[pri:12, instance:testCases.Hotel_Section@7216fb24]" name="get_the_list_of_number_of_adults_and_print_it" class="testCases.Hotel_Section"/>
      </group> <!-- master -->
    </groups>
    <test started-at="2024-03-10T16:40:30 IST" name="Test" finished-at="2024-03-10T16:41:42 IST" duration-ms="71879">
      <class name="testCases.Hotel_Section">
        <test-method signature="test_user_clicks_on_hotels_tab()[pri:10, instance:testCases.Hotel_Section@7216fb24]" started-at="2024-03-10T16:41:27 IST" name="test_user_clicks_on_hotels_tab" finished-at="2024-03-10T16:41:27 IST" duration-ms="764" status="PASS">
          <reporter-output>
          </reporter-output>
        </test-method> <!-- test_user_clicks_on_hotels_tab -->
        <test-method signature="test_user_clicks_on_guest_button_and_then_on_adults()[pri:11, instance:testCases.Hotel_Section@7216fb24]" started-at="2024-03-10T16:41:27 IST" name="test_user_clicks_on_guest_button_and_then_on_adults" finished-at="2024-03-10T16:41:30 IST" duration-ms="2452" status="PASS">
          <reporter-output>
          </reporter-output>
        </test-method> <!-- test_user_clicks_on_guest_button_and_then_on_adults -->
        <test-method signature="get_the_list_of_number_of_adults_and_print_it()[pri:12, instance:testCases.Hotel_Section@7216fb24]" started-at="2024-03-10T16:41:30 IST" name="get_the_list_of_number_of_adults_and_print_it" finished-at="2024-03-10T16:41:40 IST" duration-ms="10031" status="PASS">
          <reporter-output>
            <line>
              <![CDATA[01]]>
            </line>
            <line>
              <![CDATA[02]]>
            </line>
            <line>
              <![CDATA[03]]>
            </line>
            <line>
              <![CDATA[04]]>
            </line>
            <line>
              <![CDATA[05]]>
            </line>
            <line>
              <![CDATA[06]]>
            </line>
            <line>
              <![CDATA[07]]>
            </line>
            <line>
              <![CDATA[08]]>
            </line>
            <line>
              <![CDATA[09]]>
            </line>
            <line>
              <![CDATA[10]]>
            </line>
            <line>
              <![CDATA[11]]>
            </line>
            <line>
              <![CDATA[12]]>
            </line>
            <line>
              <![CDATA[13]]>
            </line>
            <line>
              <![CDATA[14]]>
            </line>
            <line>
              <![CDATA[15]]>
            </line>
            <line>
              <![CDATA[16]]>
            </line>
            <line>
              <![CDATA[17]]>
            </line>
            <line>
              <![CDATA[18]]>
            </line>
            <line>
              <![CDATA[19]]>
            </line>
            <line>
              <![CDATA[20]]>
            </line>
            <line>
              <![CDATA[21]]>
            </line>
            <line>
              <![CDATA[22]]>
            </line>
            <line>
              <![CDATA[23]]>
            </line>
            <line>
              <![CDATA[24]]>
            </line>
            <line>
              <![CDATA[25]]>
            </line>
            <line>
              <![CDATA[26]]>
            </line>
            <line>
              <![CDATA[27]]>
            </line>
            <line>
              <![CDATA[28]]>
            </line>
            <line>
              <![CDATA[29]]>
            </line>
            <line>
              <![CDATA[30]]>
            </line>
            <line>
              <![CDATA[31]]>
            </line>
            <line>
              <![CDATA[32]]>
            </line>
            <line>
              <![CDATA[33]]>
            </line>
            <line>
              <![CDATA[34]]>
            </line>
            <line>
              <![CDATA[35]]>
            </line>
            <line>
              <![CDATA[36]]>
            </line>
            <line>
              <![CDATA[37]]>
            </line>
            <line>
              <![CDATA[38]]>
            </line>
            <line>
              <![CDATA[39]]>
            </line>
            <line>
              <![CDATA[40]]>
            </line>
          </reporter-output>
        </test-method> <!-- get_the_list_of_number_of_adults_and_print_it -->
      </class> <!-- testCases.Hotel_Section -->
      <class name="testCases.cabBooking">
        <test-method is-config="true" signature="setup(java.lang.String,java.lang.String)[pri:0, instance:testCases.cabBooking@fc258b1]" started-at="2024-03-10T16:40:31 IST" name="setup" finished-at="2024-03-10T16:40:51 IST" duration-ms="20251" status="PASS">
          <params>
            <param index="0">
              <value>
                <![CDATA[windows]]>
              </value>
            </param>
            <param index="1">
              <value>
                <![CDATA[chrome]]>
              </value>
            </param>
          </params>
          <reporter-output>
          </reporter-output>
        </test-method> <!-- setup -->
        <test-method signature="test_user_clicks_on_cab()[pri:0, instance:testCases.cabBooking@fc258b1]" started-at="2024-03-10T16:40:52 IST" name="test_user_clicks_on_cab" finished-at="2024-03-10T16:41:04 IST" duration-ms="12415" status="PASS">
          <reporter-output>
            <line>
              <![CDATA[Pop Up Displayed and closed successfully.]]>
            </line>
          </reporter-output>
        </test-method> <!-- test_user_clicks_on_cab -->
        <test-method signature="test_user_enters_from_and_to_locations()[pri:1, instance:testCases.cabBooking@fc258b1]" started-at="2024-03-10T16:41:04 IST" name="test_user_enters_from_and_to_locations" finished-at="2024-03-10T16:41:10 IST" duration-ms="6350" status="PASS">
          <reporter-output>
          </reporter-output>
        </test-method> <!-- test_user_enters_from_and_to_locations -->
        <test-method signature="user_enters_date_and_time_and_click_on_search()[pri:2, instance:testCases.cabBooking@fc258b1]" started-at="2024-03-10T16:41:10 IST" name="user_enters_date_and_time_and_click_on_search" finished-at="2024-03-10T16:41:18 IST" duration-ms="7550" status="PASS">
          <reporter-output>
          </reporter-output>
        </test-method> <!-- user_enters_date_and_time_and_click_on_search -->
        <test-method signature="user_selects_car_type_as_suv()[pri:3, instance:testCases.cabBooking@fc258b1]" started-at="2024-03-10T16:41:18 IST" name="user_selects_car_type_as_suv" finished-at="2024-03-10T16:41:19 IST" duration-ms="648" status="PASS">
          <reporter-output>
          </reporter-output>
        </test-method> <!-- user_selects_car_type_as_suv -->
        <test-method signature="user_prints_the_lowest_car_price()[pri:4, instance:testCases.cabBooking@fc258b1]" started-at="2024-03-10T16:41:19 IST" name="user_prints_the_lowest_car_price" finished-at="2024-03-10T16:41:19 IST" duration-ms="177" status="PASS">
          <reporter-output>
            <line>
              <![CDATA[The Lowest Price of vehicle is : ₹ 10,012]]>
            </line>
          </reporter-output>
        </test-method> <!-- user_prints_the_lowest_car_price -->
        <test-method is-config="true" signature="tearDown()[pri:0, instance:testCases.cabBooking@fc258b1]" started-at="2024-03-10T16:41:40 IST" name="tearDown" finished-at="2024-03-10T16:41:42 IST" duration-ms="1726" status="PASS">
          <reporter-output>
          </reporter-output>
        </test-method> <!-- tearDown -->
      </class> <!-- testCases.cabBooking -->
      <class name="testCases.Gift_Card">
        <test-method signature="test_user_clicks_on_more_tab_and_selects_giftcard_option()[pri:5, instance:testCases.Gift_Card@4b45dcb8]" started-at="2024-03-10T16:41:19 IST" name="test_user_clicks_on_more_tab_and_selects_giftcard_option" finished-at="2024-03-10T16:41:23 IST" duration-ms="3995" status="PASS">
          <reporter-output>
          </reporter-output>
        </test-method> <!-- test_user_clicks_on_more_tab_and_selects_giftcard_option -->
        <test-method signature="test_user_selects_wedding_gift_card_and_selects_email_option()[pri:6, instance:testCases.Gift_Card@4b45dcb8]" started-at="2024-03-10T16:41:23 IST" name="test_user_selects_wedding_gift_card_and_selects_email_option" finished-at="2024-03-10T16:41:25 IST" duration-ms="2071" status="PASS">
          <reporter-output>
          </reporter-output>
        </test-method> <!-- test_user_selects_wedding_gift_card_and_selects_email_option -->
        <test-method signature="test_scrolll_to_that_field_and_enter_invalid_email()[pri:7, instance:testCases.Gift_Card@4b45dcb8]" started-at="2024-03-10T16:41:25 IST" name="test_scrolll_to_that_field_and_enter_invalid_email" finished-at="2024-03-10T16:41:26 IST" duration-ms="934" status="PASS">
          <reporter-output>
          </reporter-output>
        </test-method> <!-- test_scrolll_to_that_field_and_enter_invalid_email -->
        <test-method signature="test_click_on_buy_now_and_capture_the_error_message()[pri:8, instance:testCases.Gift_Card@4b45dcb8]" started-at="2024-03-10T16:41:26 IST" name="test_click_on_buy_now_and_capture_the_error_message" finished-at="2024-03-10T16:41:27 IST" duration-ms="652" status="PASS">
          <reporter-output>
          </reporter-output>
        </test-method> <!-- test_click_on_buy_now_and_capture_the_error_message -->
        <test-method signature="test_user_prints_the_error_message()[pri:9, instance:testCases.Gift_Card@4b45dcb8]" started-at="2024-03-10T16:41:27 IST" name="test_user_prints_the_error_message" finished-at="2024-03-10T16:41:27 IST" duration-ms="3" status="PASS">
          <reporter-output>
            <line>
              <![CDATA[The Error message is : Please enter a valid Email id.]]>
            </line>
          </reporter-output>
        </test-method> <!-- test_user_prints_the_error_message -->
      </class> <!-- testCases.Gift_Card -->
    </test> <!-- Test -->
  </suite> <!-- Suite -->
</testng-results>
