<?xml version="1.0" encoding="UTF-8"?>
<testng-results ignored="0" total="13" passed="13" failed="0" skipped="0">
  <reporter-output>
  </reporter-output>
  <suite started-at="2024-03-01T10:16:48 IST" name="Suite" finished-at="2024-03-01T10:18:37 IST" duration-ms="108835">
    <groups>
      <group name="negative">
        <method signature="Gift_Card.test_scrolll_to_that_field_and_enter_invalid_email()[pri:7, instance:testCases.Gift_Card@4b45dcb8]" name="test_scrolll_to_that_field_and_enter_invalid_email" class="testCases.Gift_Card"/>
      </group> <!-- negative -->
      <group name="regression">
        <method signature="cabBooking.test_user_enters_from_and_to_locations()[pri:1, instance:testCases.cabBooking@fc258b1]" name="test_user_enters_from_and_to_locations" class="testCases.cabBooking"/>
        <method signature="cabBooking.user_enters_date_and_time_and_click_on_search()[pri:2, instance:testCases.cabBooking@fc258b1]" name="user_enters_date_and_time_and_click_on_search" class="testCases.cabBooking"/>
        <method signature="cabBooking.user_selects_car_type_as_suv()[pri:3, instance:testCases.cabBooking@fc258b1]" name="user_selects_car_type_as_suv" class="testCases.cabBooking"/>
        <method signature="cabBooking.user_prints_the_lowest_car_price()[pri:4, instance:testCases.cabBooking@fc258b1]" name="user_prints_the_lowest_car_price" class="testCases.cabBooking"/>
        <method signature="Gift_Card.test_user_clicks_on_more_tab_and_selects_giftcard_option()[pri:5, instance:testCases.Gift_Card@4b45dcb8]" name="test_user_clicks_on_more_tab_and_selects_giftcard_option" class="testCases.Gift_Card"/>
        <method signature="Gift_Card.test_user_selects_wedding_gift_card_and_selects_email_option()[pri:6, instance:testCases.Gift_Card@4b45dcb8]" name="test_user_selects_wedding_gift_card_and_selects_email_option" class="testCases.Gift_Card"/>
        <method signature="Gift_Card.test_scrolll_to_that_field_and_enter_invalid_email()[pri:7, instance:testCases.Gift_Card@4b45dcb8]" name="test_scrolll_to_that_field_and_enter_invalid_email" class="testCases.Gift_Card"/>
        <method signature="Gift_Card.test_click_on_buy_now_and_capture_the_error_message()[pri:8, instance:testCases.Gift_Card@4b45dcb8]" name="test_click_on_buy_now_and_capture_the_error_message" class="testCases.Gift_Card"/>
        <method signature="Gift_Card.test_user_prints_the_error_message()[pri:9, instance:testCases.Gift_Card@4b45dcb8]" name="test_user_prints_the_error_message" class="testCases.Gift_Card"/>
        <method signature="Hotel_Section.test_user_clicks_on_hotels_tab()[pri:10, instance:testCases.Hotel_Section@7216fb24]" name="test_user_clicks_on_hotels_tab" class="testCases.Hotel_Section"/>
        <method signature="Hotel_Section.test_user_clicks_on_guest_button_and_then_on_adults()[pri:11, instance:testCases.Hotel_Section@7216fb24]" name="test_user_clicks_on_guest_button_and_then_on_adults" class="testCases.Hotel_Section"/>
        <method signature="Hotel_Section.get_the_list_of_number_of_adults_and_print_it()[pri:12, instance:testCases.Hotel_Section@7216fb24]" name="get_the_list_of_number_of_adults_and_print_it" class="testCases.Hotel_Section"/>
      </group> <!-- regression -->
      <group name="sanity">
        <method signature="cabBooking.test_user_clicks_on_cab()[pri:0, instance:testCases.cabBooking@fc258b1]" name="test_user_clicks_on_cab" class="testCases.cabBooking"/>
      </group> <!-- sanity -->
      <group name="master">
        <method signature="cabBooking.test_user_clicks_on_cab()[pri:0, instance:testCases.cabBooking@fc258b1]" name="test_user_clicks_on_cab" class="testCases.cabBooking"/>
        <method signature="cabBooking.test_user_enters_from_and_to_locations()[pri:1, instance:testCases.cabBooking@fc258b1]" name="test_user_enters_from_and_to_locations" class="testCases.cabBooking"/>
        <method signature="cabBooking.user_enters_date_and_time_and_click_on_search()[pri:2, instance:testCases.cabBooking@fc258b1]" name="user_enters_date_and_time_and_click_on_search" class="testCases.cabBooking"/>
        <method signature="cabBooking.user_selects_car_type_as_suv()[pri:3, instance:testCases.cabBooking@fc258b1]" name="user_selects_car_type_as_suv" class="testCases.cabBooking"/>
        <method signature="cabBooking.user_prints_the_lowest_car_price()[pri:4, instance:testCases.cabBooking@fc258b1]" name="user_prints_the_lowest_car_price" class="testCases.cabBooking"/>
        <method signature="Gift_Card.test_user_clicks_on_more_tab_and_selects_giftcard_option()[pri:5, instance:testCases.Gift_Card@4b45dcb8]" name="test_user_clicks_on_more_tab_and_selects_giftcard_option" class="testCases.Gift_Card"/>
        <method signature="Gift_Card.test_user_selects_wedding_gift_card_and_selects_email_option()[pri:6, instance:testCases.Gift_Card@4b45dcb8]" name="test_user_selects_wedding_gift_card_and_selects_email_option" class="testCases.Gift_Card"/>
        <method signature="Gift_Card.test_scrolll_to_that_field_and_enter_invalid_email()[pri:7, instance:testCases.Gift_Card@4b45dcb8]" name="test_scrolll_to_that_field_and_enter_invalid_email" class="testCases.Gift_Card"/>
        <method signature="Gift_Card.test_click_on_buy_now_and_capture_the_error_message()[pri:8, instance:testCases.Gift_Card@4b45dcb8]" name="test_click_on_buy_now_and_capture_the_error_message" class="testCases.Gift_Card"/>
        <method signature="Gift_Card.test_user_prints_the_error_message()[pri:9, instance:testCases.Gift_Card@4b45dcb8]" name="test_user_prints_the_error_message" class="testCases.Gift_Card"/>
        <method signature="Hotel_Section.test_user_clicks_on_hotels_tab()[pri:10, instance:testCases.Hotel_Section@7216fb24]" name="test_user_clicks_on_hotels_tab" class="testCases.Hotel_Section"/>
        <method signature="Hotel_Section.test_user_clicks_on_guest_button_and_then_on_adults()[pri:11, instance:testCases.Hotel_Section@7216fb24]" name="test_user_clicks_on_guest_button_and_then_on_adults" class="testCases.Hotel_Section"/>
        <method signature="Hotel_Section.get_the_list_of_number_of_adults_and_print_it()[pri:12, instance:testCases.Hotel_Section@7216fb24]" name="get_the_list_of_number_of_adults_and_print_it" class="testCases.Hotel_Section"/>
      </group> <!-- master -->
    </groups>
    <test started-at="2024-03-01T10:16:48 IST" name="Test" finished-at="2024-03-01T10:18:37 IST" duration-ms="108835">
      <class name="testCases.Hotel_Section">
        <test-method signature="test_user_clicks_on_hotels_tab()[pri:10, instance:testCases.Hotel_Section@7216fb24]" started-at="2024-03-01T10:18:24 IST" name="test_user_clicks_on_hotels_tab" finished-at="2024-03-01T10:18:24 IST" duration-ms="445" status="PASS">
          <reporter-output>
          </reporter-output>
        </test-method> <!-- test_user_clicks_on_hotels_tab -->
        <test-method signature="test_user_clicks_on_guest_button_and_then_on_adults()[pri:11, instance:testCases.Hotel_Section@7216fb24]" started-at="2024-03-01T10:18:24 IST" name="test_user_clicks_on_guest_button_and_then_on_adults" finished-at="2024-03-01T10:18:25 IST" duration-ms="1027" status="PASS">
          <reporter-output>
          </reporter-output>
        </test-method> <!-- test_user_clicks_on_guest_button_and_then_on_adults -->
        <test-method signature="get_the_list_of_number_of_adults_and_print_it()[pri:12, instance:testCases.Hotel_Section@7216fb24]" started-at="2024-03-01T10:18:25 IST" name="get_the_list_of_number_of_adults_and_print_it" finished-at="2024-03-01T10:18:33 IST" duration-ms="7431" status="PASS">
          <reporter-output>
          </reporter-output>
        </test-method> <!-- get_the_list_of_number_of_adults_and_print_it -->
      </class> <!-- testCases.Hotel_Section -->
      <class name="testCases.cabBooking">
        <test-method is-config="true" signature="setup(java.lang.String,java.lang.String)[pri:0, instance:testCases.cabBooking@fc258b1]" started-at="2024-03-01T10:16:49 IST" name="setup" finished-at="2024-03-01T10:17:49 IST" duration-ms="60027" status="PASS">
          <params>
            <param index="0">
              <value>
                <![CDATA[windows]]>
              </value>
            </param>
            <param index="1">
              <value>
                <![CDATA[chrome]]>
              </value>
            </param>
          </params>
          <reporter-output>
          </reporter-output>
        </test-method> <!-- setup -->
        <test-method signature="test_user_clicks_on_cab()[pri:0, instance:testCases.cabBooking@fc258b1]" started-at="2024-03-01T10:17:49 IST" name="test_user_clicks_on_cab" finished-at="2024-03-01T10:17:50 IST" duration-ms="586" status="PASS">
          <reporter-output>
          </reporter-output>
        </test-method> <!-- test_user_clicks_on_cab -->
        <test-method signature="test_user_enters_from_and_to_locations()[pri:1, instance:testCases.cabBooking@fc258b1]" started-at="2024-03-01T10:17:50 IST" name="test_user_enters_from_and_to_locations" finished-at="2024-03-01T10:17:58 IST" duration-ms="7667" status="PASS">
          <reporter-output>
          </reporter-output>
        </test-method> <!-- test_user_enters_from_and_to_locations -->
        <test-method signature="user_enters_date_and_time_and_click_on_search()[pri:2, instance:testCases.cabBooking@fc258b1]" started-at="2024-03-01T10:17:58 IST" name="user_enters_date_and_time_and_click_on_search" finished-at="2024-03-01T10:18:08 IST" duration-ms="10668" status="PASS">
          <reporter-output>
          </reporter-output>
        </test-method> <!-- user_enters_date_and_time_and_click_on_search -->
        <test-method signature="user_selects_car_type_as_suv()[pri:3, instance:testCases.cabBooking@fc258b1]" started-at="2024-03-01T10:18:08 IST" name="user_selects_car_type_as_suv" finished-at="2024-03-01T10:18:09 IST" duration-ms="289" status="PASS">
          <reporter-output>
          </reporter-output>
        </test-method> <!-- user_selects_car_type_as_suv -->
        <test-method signature="user_prints_the_lowest_car_price()[pri:4, instance:testCases.cabBooking@fc258b1]" started-at="2024-03-01T10:18:09 IST" name="user_prints_the_lowest_car_price" finished-at="2024-03-01T10:18:09 IST" duration-ms="73" status="PASS">
          <reporter-output>
          </reporter-output>
        </test-method> <!-- user_prints_the_lowest_car_price -->
        <test-method is-config="true" signature="tearDown()[pri:0, instance:testCases.cabBooking@fc258b1]" started-at="2024-03-01T10:18:33 IST" name="tearDown" finished-at="2024-03-01T10:18:37 IST" duration-ms="4722" status="PASS">
          <reporter-output>
          </reporter-output>
        </test-method> <!-- tearDown -->
      </class> <!-- testCases.cabBooking -->
      <class name="testCases.Gift_Card">
        <test-method signature="test_user_clicks_on_more_tab_and_selects_giftcard_option()[pri:5, instance:testCases.Gift_Card@4b45dcb8]" started-at="2024-03-01T10:18:09 IST" name="test_user_clicks_on_more_tab_and_selects_giftcard_option" finished-at="2024-03-01T10:18:16 IST" duration-ms="7213" status="PASS">
          <reporter-output>
          </reporter-output>
        </test-method> <!-- test_user_clicks_on_more_tab_and_selects_giftcard_option -->
        <test-method signature="test_user_selects_wedding_gift_card_and_selects_email_option()[pri:6, instance:testCases.Gift_Card@4b45dcb8]" started-at="2024-03-01T10:18:16 IST" name="test_user_selects_wedding_gift_card_and_selects_email_option" finished-at="2024-03-01T10:18:23 IST" duration-ms="6796" status="PASS">
          <reporter-output>
          </reporter-output>
        </test-method> <!-- test_user_selects_wedding_gift_card_and_selects_email_option -->
        <test-method signature="test_scrolll_to_that_field_and_enter_invalid_email()[pri:7, instance:testCases.Gift_Card@4b45dcb8]" started-at="2024-03-01T10:18:23 IST" name="test_scrolll_to_that_field_and_enter_invalid_email" finished-at="2024-03-01T10:18:23 IST" duration-ms="429" status="PASS">
          <reporter-output>
          </reporter-output>
        </test-method> <!-- test_scrolll_to_that_field_and_enter_invalid_email -->
        <test-method signature="test_click_on_buy_now_and_capture_the_error_message()[pri:8, instance:testCases.Gift_Card@4b45dcb8]" started-at="2024-03-01T10:18:23 IST" name="test_click_on_buy_now_and_capture_the_error_message" finished-at="2024-03-01T10:18:24 IST" duration-ms="488" status="PASS">
          <reporter-output>
          </reporter-output>
        </test-method> <!-- test_click_on_buy_now_and_capture_the_error_message -->
        <test-method signature="test_user_prints_the_error_message()[pri:9, instance:testCases.Gift_Card@4b45dcb8]" started-at="2024-03-01T10:18:24 IST" name="test_user_prints_the_error_message" finished-at="2024-03-01T10:18:24 IST" duration-ms="3" status="PASS">
          <reporter-output>
          </reporter-output>
        </test-method> <!-- test_user_prints_the_error_message -->
      </class> <!-- testCases.Gift_Card -->
    </test> <!-- Test -->
  </suite> <!-- Suite -->
</testng-results>
