<?xml version="1.0" encoding="UTF-8"?>
<!-- Generated by org.testng.reporters.JUnitReportReporter -->
<testsuite hostname="LTIN273733" failures="0" tests="3" name="testCases.Hotel_Section" time="6.270" errors="0" timestamp="2024-03-15T15:48:10 IST" skipped="0">
  <testcase classname="testCases.Hotel_Section" name="test_user_clicks_on_hotels_tab" time="0.329"/>
  <testcase classname="testCases.Hotel_Section" name="test_user_clicks_on_guest_button_and_then_on_adults" time="0.859"/>
  <testcase classname="testCases.Hotel_Section" name="get_the_list_of_number_of_adults_and_print_it" time="5.082">
    <system-out>
      <![CDATA[01
02
03
04
05
06
07
08
09
10
11
12
13
14
15
16
17
18
19
20
21
22
23
24
25
26
27
28
29
30
31
32
33
34
35
36
37
38
39
40]]>
    </system-out>
  </testcase> <!-- get_the_list_of_number_of_adults_and_print_it -->
  <system-out>
    <![CDATA[Pop Up Displayed and closed successfully.
The Lowest Price of vehicle is : ₹ 10,012
The Error message is : Please enter a valid Email id.
01
02
03
04
05
06
07
08
09
10
11
12
13
14
15
16
17
18
19
20
21
22
23
24
25
26
27
28
29
30
31
32
33
34
35
36
37
38
39
40]]>
  </system-out>
</testsuite> <!-- testCases.Hotel_Section -->
